<?xml version="1.0" encoding="UTF-8"?>
<!-- Generated by org.testng.reporters.JUnitReportReporter -->
<testsuite hostname="Vivek" failures="0" tests="1" name="testPack.TC03_VerifyLogoutFuntionality" time="26.840" errors="0" timestamp="2024-04-13T13:49:11 IST" skipped="0">
  <testcase classname="testPack.TC03_VerifyLogoutFuntionality" name="verifyLogoutFuntionality" time="26.840"/>
</testsuite> <!-- testPack.TC03_VerifyLogoutFuntionality -->
