<?xml version="1.0" encoding="UTF-8"?>
<!-- Generated by org.testng.reporters.JUnitReportReporter -->
<testsuite hostname="Vivek" failures="0" tests="1" name="testPack.TC02_verifyMakeAppointmentFunctionality" time="43.660" errors="0" timestamp="2024-04-12T14:34:10 IST" skipped="0">
  <testcase classname="testPack.TC02_verifyMakeAppointmentFunctionality" name="verifyMakeAppointmentFunctionality" time="43.660"/>
</testsuite> <!-- testPack.TC02_verifyMakeAppointmentFunctionality -->
