<?xml version="1.0" encoding="UTF-8"?>
<!-- Generated by org.testng.reporters.JUnitReportReporter -->
<testsuite hostname="Vivek" failures="0" tests="1" name="testPack.TC01_VerifyLoginFunctionaliity" time="24.794" errors="0" timestamp="2024-04-13T13:49:11 IST" skipped="0">
  <testcase classname="testPack.TC01_VerifyLoginFunctionaliity" name="verifyLoginFunctionaliity" time="24.794"/>
</testsuite> <!-- testPack.TC01_VerifyLoginFunctionaliity -->
